<?xml version="1.0" encoding="UTF-8"?>
<!-- Generated by org.testng.reporters.JUnitXMLReporter -->
<testsuite hostname="DESKTOP-V28FGDA" name="HomePageTest" tests="5" failures="0" timestamp="6 Sep 2020 19:00:11 GMT" time="27.684" errors="0">
  <testcase name="onHomePage" time="0.021" classname="com.revature.selenium.HomePageTests"/>
  <testcase name="onMyWorkoutsPage" time="0.058" classname="com.revature.selenium.HomePageTests"/>
  <testcase name="workoutGenPage" time="0.056" classname="com.revature.selenium.HomePageTests"/>
  <testcase name="loginPage" time="0.501" classname="com.revature.selenium.LoginTest"/>
  <testcase name="onMyWorkoutsPage" time="0.019" classname="com.revature.selenium.MyWorkoutsTests"/>
</testsuite> <!-- HomePageTest -->
