<?xml version="1.0" encoding="UTF-8"?>
<!-- Generated by org.testng.reporters.JUnitXMLReporter -->
<testsuite hostname="DESKTOP-QRIM448" name="HomePageTest" tests="4" failures="0" timestamp="5 Sep 2020 20:26:35 GMT" time="6.169" errors="0">
  <testcase name="onHomePage" time="0.037" classname="com.revature.selenium.HomePageTests"/>
  <testcase name="onMyWorkoutsPage" time="0.074" classname="com.revature.selenium.HomePageTests"/>
  <testcase name="workoutGenPage" time="0.078" classname="com.revature.selenium.HomePageTests"/>
  <testcase name="loginPage" time="0.472" classname="com.revature.selenium.LoginTest"/>
</testsuite> <!-- HomePageTest -->
