<?xml version="1.0" encoding="UTF-8"?>
<testng-results skipped="0" failed="0" total="1" passed="1">
  <reporter-output>
  </reporter-output>
  <suite name="Default suite" duration-ms="3697" started-at="2020-09-05T19:10:08Z" finished-at="2020-09-05T19:10:12Z">
    <groups>
    </groups>
    <test name="Default test" duration-ms="3697" started-at="2020-09-05T19:10:08Z" finished-at="2020-09-05T19:10:12Z">
      <class name="com.revature.selenium.LoginTest">
        <test-method status="PASS" signature="setUp()[pri:0, instance:com.revature.selenium.LoginTest@1725dc0f]" name="setUp" is-config="true" duration-ms="3299" started-at="2020-09-05T15:10:05Z" finished-at="2020-09-05T15:10:08Z">
          <reporter-output>
          </reporter-output>
        </test-method> <!-- setUp -->
        <test-method status="PASS" signature="openLoginPage()[pri:0, instance:com.revature.selenium.LoginTest@1725dc0f]" name="openLoginPage" is-config="true" duration-ms="3121" started-at="2020-09-05T15:10:08Z" finished-at="2020-09-05T15:10:11Z">
          <reporter-output>
          </reporter-output>
        </test-method> <!-- openLoginPage -->
        <test-method status="PASS" signature="loginPage()[pri:0, instance:com.revature.selenium.LoginTest@1725dc0f]" name="loginPage" duration-ms="569" started-at="2020-09-05T15:10:11Z" finished-at="2020-09-05T15:10:12Z">
          <reporter-output>
          </reporter-output>
        </test-method> <!-- loginPage -->
        <test-method status="PASS" signature="tearDown()[pri:0, instance:com.revature.selenium.LoginTest@1725dc0f]" name="tearDown" is-config="true" duration-ms="623" started-at="2020-09-05T15:10:12Z" finished-at="2020-09-05T15:10:12Z">
          <reporter-output>
          </reporter-output>
        </test-method> <!-- tearDown -->
      </class> <!-- com.revature.selenium.LoginTest -->
    </test> <!-- Default test -->
  </suite> <!-- Default suite -->
</testng-results>
