<?xml version="1.0" encoding="UTF-8"?>
<testng-results skipped="0" failed="0" total="5" passed="5">
  <reporter-output>
  </reporter-output>
  <suite name="RevFitNG Test" duration-ms="27684" started-at="2020-09-06T18:59:43Z" finished-at="2020-09-06T19:00:11Z">
    <groups>
    </groups>
    <test name="HomePageTest" duration-ms="27684" started-at="2020-09-06T18:59:43Z" finished-at="2020-09-06T19:00:11Z">
      <class name="com.revature.selenium.MyWorkoutsTests">
        <test-method status="PASS" signature="onMyWorkoutsPage()[pri:0, instance:com.revature.selenium.MyWorkoutsTests@6f1fba17]" name="onMyWorkoutsPage" duration-ms="19" started-at="2020-09-06T15:00:11Z" finished-at="2020-09-06T15:00:11Z">
          <reporter-output>
          </reporter-output>
        </test-method> <!-- onMyWorkoutsPage -->
      </class> <!-- com.revature.selenium.MyWorkoutsTests -->
      <class name="com.revature.selenium.HomePageTests">
        <test-method status="PASS" signature="setUp()[pri:0, instance:com.revature.selenium.HomePageTests@3e9b1010]" name="setUp" is-config="true" duration-ms="3474" started-at="2020-09-06T14:59:34Z" finished-at="2020-09-06T14:59:37Z">
          <reporter-output>
          </reporter-output>
        </test-method> <!-- setUp -->
        <test-method status="PASS" signature="setUp()[pri:0, instance:com.revature.selenium.LoginTest@6c3708b3]" name="setUp" is-config="true" duration-ms="2958" started-at="2020-09-06T14:59:37Z" finished-at="2020-09-06T14:59:40Z">
          <reporter-output>
          </reporter-output>
        </test-method> <!-- setUp -->
        <test-method status="PASS" signature="setUp()[pri:0, instance:com.revature.selenium.MyWorkoutsTests@6f1fba17]" name="setUp" is-config="true" duration-ms="2960" started-at="2020-09-06T14:59:40Z" finished-at="2020-09-06T14:59:43Z">
          <reporter-output>
          </reporter-output>
        </test-method> <!-- setUp -->
        <test-method status="PASS" signature="login()[pri:0, instance:com.revature.selenium.HomePageTests@3e9b1010]" name="login" is-config="true" duration-ms="12504" started-at="2020-09-06T14:59:43Z" finished-at="2020-09-06T14:59:56Z">
          <reporter-output>
          </reporter-output>
        </test-method> <!-- login -->
        <test-method status="PASS" signature="openLoginPage()[pri:0, instance:com.revature.selenium.LoginTest@6c3708b3]" name="openLoginPage" is-config="true" duration-ms="6104" started-at="2020-09-06T14:59:56Z" finished-at="2020-09-06T15:00:02Z">
          <reporter-output>
          </reporter-output>
        </test-method> <!-- openLoginPage -->
        <test-method status="PASS" signature="goToMyWorkouts()[pri:0, instance:com.revature.selenium.MyWorkoutsTests@6f1fba17]" name="goToMyWorkouts" is-config="true" duration-ms="8332" started-at="2020-09-06T15:00:02Z" finished-at="2020-09-06T15:00:10Z">
          <reporter-output>
          </reporter-output>
        </test-method> <!-- goToMyWorkouts -->
        <test-method status="PASS" signature="returnHome()[pri:0, instance:com.revature.selenium.HomePageTests@3e9b1010]" name="returnHome" is-config="true" duration-ms="34" started-at="2020-09-06T15:00:10Z" finished-at="2020-09-06T15:00:10Z">
          <reporter-output>
          </reporter-output>
        </test-method> <!-- returnHome -->
        <test-method status="PASS" signature="onHomePage()[pri:0, instance:com.revature.selenium.HomePageTests@3e9b1010]" name="onHomePage" duration-ms="21" started-at="2020-09-06T15:00:10Z" finished-at="2020-09-06T15:00:10Z">
          <reporter-output>
          </reporter-output>
        </test-method> <!-- onHomePage -->
        <test-method status="PASS" signature="returnHome()[pri:0, instance:com.revature.selenium.HomePageTests@3e9b1010]" name="returnHome" is-config="true" duration-ms="20" started-at="2020-09-06T15:00:10Z" finished-at="2020-09-06T15:00:10Z">
          <reporter-output>
          </reporter-output>
        </test-method> <!-- returnHome -->
        <test-method status="PASS" signature="onMyWorkoutsPage()[pri:0, instance:com.revature.selenium.HomePageTests@3e9b1010]" name="onMyWorkoutsPage" duration-ms="58" started-at="2020-09-06T15:00:10Z" finished-at="2020-09-06T15:00:10Z">
          <reporter-output>
          </reporter-output>
        </test-method> <!-- onMyWorkoutsPage -->
        <test-method status="PASS" signature="returnHome()[pri:0, instance:com.revature.selenium.HomePageTests@3e9b1010]" name="returnHome" is-config="true" duration-ms="23" started-at="2020-09-06T15:00:10Z" finished-at="2020-09-06T15:00:10Z">
          <reporter-output>
          </reporter-output>
        </test-method> <!-- returnHome -->
        <test-method status="PASS" signature="workoutGenPage()[pri:0, instance:com.revature.selenium.HomePageTests@3e9b1010]" name="workoutGenPage" duration-ms="56" started-at="2020-09-06T15:00:10Z" finished-at="2020-09-06T15:00:10Z">
          <reporter-output>
          </reporter-output>
        </test-method> <!-- workoutGenPage -->
        <test-method status="PASS" signature="tearDown()[pri:0, instance:com.revature.selenium.HomePageTests@3e9b1010]" name="tearDown" is-config="true" duration-ms="561" started-at="2020-09-06T15:00:11Z" finished-at="2020-09-06T15:00:12Z">
          <reporter-output>
          </reporter-output>
        </test-method> <!-- tearDown -->
        <test-method status="PASS" signature="tearDown()[pri:0, instance:com.revature.selenium.LoginTest@6c3708b3]" name="tearDown" is-config="true" duration-ms="577" started-at="2020-09-06T15:00:12Z" finished-at="2020-09-06T15:00:12Z">
          <reporter-output>
          </reporter-output>
        </test-method> <!-- tearDown -->
        <test-method status="PASS" signature="tearDown()[pri:0, instance:com.revature.selenium.MyWorkoutsTests@6f1fba17]" name="tearDown" is-config="true" duration-ms="561" started-at="2020-09-06T15:00:12Z" finished-at="2020-09-06T15:00:13Z">
          <reporter-output>
          </reporter-output>
        </test-method> <!-- tearDown -->
      </class> <!-- com.revature.selenium.HomePageTests -->
      <class name="com.revature.selenium.LoginTest">
        <test-method status="PASS" signature="loginPage()[pri:0, instance:com.revature.selenium.LoginTest@6c3708b3]" name="loginPage" duration-ms="501" started-at="2020-09-06T15:00:10Z" finished-at="2020-09-06T15:00:11Z">
          <reporter-output>
          </reporter-output>
        </test-method> <!-- loginPage -->
      </class> <!-- com.revature.selenium.LoginTest -->
    </test> <!-- HomePageTest -->
  </suite> <!-- RevFitNG Test -->
</testng-results>
