<?xml version="1.0" encoding="UTF-8"?>
<!-- Generated by org.testng.reporters.JUnitXMLReporter -->
<testsuite hostname="DESKTOP-QRIM448" name="Default test" tests="3" failures="0" timestamp="5 Sep 2020 20:17:49 GMT" time="5.088" errors="0">
  <testcase name="onHomePage" time="0.037" classname="com.revature.selenium.MyWorkoutsTests"/>
  <testcase name="onMyWorkoutsPage" time="0.08" classname="com.revature.selenium.MyWorkoutsTests"/>
  <testcase name="workoutGenPage" time="0.078" classname="com.revature.selenium.MyWorkoutsTests"/>
</testsuite> <!-- Default test -->
